# JRE version: Java(TM) SE Runtime Environment (7.0_40-b43) (build 1.7.0_40-b43)
# Java VM: Java HotSpot(TM) 64-Bit Server VM (24.0-b56 mixed mode windows-amd64 compressed oops)
Heap
 PSYoungGen      total 38400K, used 21395K [0x00000007d5b00000, 0x00000007da600000, 0x0000000800000000)
  eden space 33280K, 49% used [0x00000007d5b00000,0x00000007d6b38a10,0x00000007d7b80000)
  from space 5120K, 93% used [0x00000007d8080000,0x00000007d852c230,0x00000007d8580000)
  to   space 5120K, 0% used [0x00000007d7b80000,0x00000007d7b80000,0x00000007d8080000)
 ParOldGen       total 86528K, used 37492K [0x0000000781200000, 0x0000000786680000, 0x00000007d5b00000)
  object space 86528K, 43% used [0x0000000781200000,0x000000078369d3f0,0x0000000786680000)
 PSPermGen       total 21504K, used 16748K [0x000000077c000000, 0x000000077d500000, 0x0000000781200000)
  object space 21504K, 77% used [0x000000077c000000,0x000000077d05b1d8,0x000000077d500000)
GC Heap History (4 events):
Event: 1.803 GC heap before
{Heap before GC invocations=1 (full 0):
 PSYoungGen      total 38400K, used 33280K [0x00000007d5b00000, 0x00000007d8580000, 0x0000000800000000)
  eden space 33280K, 100% used [0x00000007d5b00000,0x00000007d7b80000,0x00000007d7b80000)
  from space 5120K, 0% used [0x00000007d8080000,0x00000007d8080000,0x00000007d8580000)
  to   space 5120K, 0% used [0x00000007d7b80000,0x00000007d7b80000,0x00000007d8080000)
 ParOldGen       total 86528K, used 0K [0x0000000781200000, 0x0000000786680000, 0x00000007d5b00000)
  object space 86528K, 0% used [0x0000000781200000,0x0000000781200000,0x0000000786680000)
 PSPermGen       total 21504K, used 15584K [0x000000077c000000, 0x000000077d500000, 0x0000000781200000)
  object space 21504K, 72% used [0x000000077c000000,0x000000077cf382a0,0x000000077d500000)
Event: 1.821 GC heap after
Heap after GC invocations=1 (full 0):
 PSYoungGen      total 38400K, used 5104K [0x00000007d5b00000, 0x00000007d8580000, 0x0000000800000000)
  eden space 33280K, 0% used [0x00000007d5b00000,0x00000007d5b00000,0x00000007d7b80000)
  from space 5120K, 99% used [0x00000007d7b80000,0x00000007d807c138,0x00000007d8080000)
  to   space 5120K, 0% used [0x00000007d8080000,0x00000007d8080000,0x00000007d8580000)
 ParOldGen       total 86528K, used 620K [0x0000000781200000, 0x0000000786680000, 0x00000007d5b00000)
  object space 86528K, 0% used [0x0000000781200000,0x000000078129b3c0,0x0000000786680000)
 PSPermGen       total 21504K, used 15584K [0x000000077c000000, 0x000000077d500000, 0x0000000781200000)
  object space 21504K, 72% used [0x000000077c000000,0x000000077cf382a0,0x000000077d500000)
}
Event: 2.310 GC heap before
{Heap before GC invocations=2 (full 0):
 PSYoungGen      total 38400K, used 32211K [0x00000007d5b00000, 0x00000007d8580000, 0x0000000800000000)
  eden space 33280K, 81% used [0x00000007d5b00000,0x00000007d7578b28,0x00000007d7b80000)
  from space 5120K, 99% used [0x00000007d7b80000,0x00000007d807c138,0x00000007d8080000)
  to   space 5120K, 0% used [0x00000007d8080000,0x00000007d8080000,0x00000007d8580000)
 ParOldGen       total 86528K, used 620K [0x0000000781200000, 0x0000000786680000, 0x00000007d5b00000)
  object space 86528K, 0% used [0x0000000781200000,0x000000078129b3c0,0x0000000786680000)
 PSPermGen       total 21504K, used 16731K [0x000000077c000000, 0x000000077d500000, 0x0000000781200000)
  object space 21504K, 77% used [0x000000077c000000,0x000000077d056c38,0x000000077d500000)
Event: 2.333 GC heap after
Heap after GC invocations=2 (full 0):
 PSYoungGen      total 38400K, used 4784K [0x00000007d5b00000, 0x00000007da600000, 0x0000000800000000)
  eden space 33280K, 0% used [0x00000007d5b00000,0x00000007d5b00000,0x00000007d7b80000)
  from space 5120K, 93% used [0x00000007d8080000,0x00000007d852c230,0x00000007d8580000)
  to   space 5120K, 0% used [0x00000007d7b80000,0x00000007d7b80000,0x00000007d8080000)
 ParOldGen       total 86528K, used 37492K [0x0000000781200000, 0x0000000786680000, 0x00000007d5b00000)
  object space 86528K, 43% used [0x0000000781200000,0x000000078369d3f0,0x0000000786680000)
 PSPermGen       total 21504K, used 16731K [0x000000077c000000, 0x000000077d500000, 0x0000000781200000)
  object space 21504K, 77% used [0x000000077c000000,0x000000077d056c38,0x000000077d500000)
}

