# JRE version: Java(TM) SE Runtime Environment (7.0_40-b43) (build 1.7.0_40-b43)
# Java VM: Java HotSpot(TM) 64-Bit Server VM (24.0-b56 mixed mode windows-amd64 compressed oops)
Heap
 PSYoungGen      total 38400K, used 21363K [0x00000007d5b00000, 0x00000007da600000, 0x0000000800000000)
  eden space 33280K, 49% used [0x00000007d5b00000,0x00000007d6b38a98,0x00000007d7b80000)
  from space 5120K, 92% used [0x00000007d8080000,0x00000007d8524230,0x00000007d8580000)
  to   space 5120K, 0% used [0x00000007d7b80000,0x00000007d7b80000,0x00000007d8080000)
 ParOldGen       total 86528K, used 37605K [0x0000000781200000, 0x0000000786680000, 0x00000007d5b00000)
  object space 86528K, 43% used [0x0000000781200000,0x00000007836b9738,0x0000000786680000)
 PSPermGen       total 21504K, used 16747K [0x000000077c000000, 0x000000077d500000, 0x0000000781200000)
  object space 21504K, 77% used [0x000000077c000000,0x000000077d05af50,0x000000077d500000)
GC Heap History (4 events):
Event: 1.960 GC heap before
{Heap before GC invocations=1 (full 0):
 PSYoungGen      total 38400K, used 33280K [0x00000007d5b00000, 0x00000007d8580000, 0x0000000800000000)
  eden space 33280K, 100% used [0x00000007d5b00000,0x00000007d7b80000,0x00000007d7b80000)
  from space 5120K, 0% used [0x00000007d8080000,0x00000007d8080000,0x00000007d8580000)
  to   space 5120K, 0% used [0x00000007d7b80000,0x00000007d7b80000,0x00000007d8080000)
 ParOldGen       total 86528K, used 0K [0x0000000781200000, 0x0000000786680000, 0x00000007d5b00000)
  object space 86528K, 0% used [0x0000000781200000,0x0000000781200000,0x0000000786680000)
 PSPermGen       total 21504K, used 15595K [0x000000077c000000, 0x000000077d500000, 0x0000000781200000)
  object space 21504K, 72% used [0x000000077c000000,0x000000077cf3aeb8,0x000000077d500000)
Event: 1.977 GC heap after
Heap after GC invocations=1 (full 0):
 PSYoungGen      total 38400K, used 5110K [0x00000007d5b00000, 0x00000007d8580000, 0x0000000800000000)
  eden space 33280K, 0% used [0x00000007d5b00000,0x00000007d5b00000,0x00000007d7b80000)
  from space 5120K, 99% used [0x00000007d7b80000,0x00000007d807d998,0x00000007d8080000)
  to   space 5120K, 0% used [0x00000007d8080000,0x00000007d8080000,0x00000007d8580000)
 ParOldGen       total 86528K, used 733K [0x0000000781200000, 0x0000000786680000, 0x00000007d5b00000)
  object space 86528K, 0% used [0x0000000781200000,0x00000007812b7708,0x0000000786680000)
 PSPermGen       total 21504K, used 15595K [0x000000077c000000, 0x000000077d500000, 0x0000000781200000)
  object space 21504K, 72% used [0x000000077c000000,0x000000077cf3aeb8,0x000000077d500000)
}
Event: 2.386 GC heap before
{Heap before GC invocations=2 (full 0):
 PSYoungGen      total 38400K, used 31591K [0x00000007d5b00000, 0x00000007d8580000, 0x0000000800000000)
  eden space 33280K, 79% used [0x00000007d5b00000,0x00000007d74dc308,0x00000007d7b80000)
  from space 5120K, 99% used [0x00000007d7b80000,0x00000007d807d998,0x00000007d8080000)
  to   space 5120K, 0% used [0x00000007d8080000,0x00000007d8080000,0x00000007d8580000)
 ParOldGen       total 86528K, used 733K [0x0000000781200000, 0x0000000786680000, 0x00000007d5b00000)
  object space 86528K, 0% used [0x0000000781200000,0x00000007812b7708,0x0000000786680000)
 PSPermGen       total 21504K, used 16730K [0x000000077c000000, 0x000000077d500000, 0x0000000781200000)
  object space 21504K, 77% used [0x000000077c000000,0x000000077d0569b0,0x000000077d500000)
Event: 2.425 GC heap after
Heap after GC invocations=2 (full 0):
 PSYoungGen      total 38400K, used 4752K [0x00000007d5b00000, 0x00000007da600000, 0x0000000800000000)
  eden space 33280K, 0% used [0x00000007d5b00000,0x00000007d5b00000,0x00000007d7b80000)
  from space 5120K, 92% used [0x00000007d8080000,0x00000007d8524230,0x00000007d8580000)
  to   space 5120K, 0% used [0x00000007d7b80000,0x00000007d7b80000,0x00000007d8080000)
 ParOldGen       total 86528K, used 37605K [0x0000000781200000, 0x0000000786680000, 0x00000007d5b00000)
  object space 86528K, 43% used [0x0000000781200000,0x00000007836b9738,0x0000000786680000)
 PSPermGen       total 21504K, used 16730K [0x000000077c000000, 0x000000077d500000, 0x0000000781200000)
  object space 21504K, 77% used [0x000000077c000000,0x000000077d0569b0,0x000000077d500000)
}

